<?xml version="1.0" encoding="UTF-8" ?>
<testsuite failures="1" time="0.031" errors="1" skipped="1" tests="7" name="ids.calculator.Calculator2Test">
  <properties>
    <property name="java.vendor" value="IBM Corporation"/>
    <property name="sun.java.launcher" value="SUN_STANDARD"/>
    <property name="os.name" value="Linux"/>
    <property name="sun.boot.class.path" value="/home/jenkins/ibm-java-x86_64-71/jre/lib/amd64/compressedrefs/jclSC170/vm.jar:/home/jenkins/ibm-java-x86_64-71/jre/lib/se-service.jar:/home/jenkins/ibm-java-x86_64-71/jre/lib/math.jar:/home/jenkins/ibm-java-x86_64-71/jre/lib/jlm.jar:/home/jenkins/ibm-java-x86_64-71/jre/lib/ibmorb.jar:/home/jenkins/ibm-java-x86_64-71/jre/lib/ibmorbapi.jar:/home/jenkins/ibm-java-x86_64-71/jre/lib/ibmcfw.jar:/home/jenkins/ibm-java-x86_64-71/jre/lib/ibmpkcs.jar:/home/jenkins/ibm-java-x86_64-71/jre/lib/ibmcertpathfw.jar:/home/jenkins/ibm-java-x86_64-71/jre/lib/ibmjgssfw.jar:/home/jenkins/ibm-java-x86_64-71/jre/lib/ibmjssefw.jar:/home/jenkins/ibm-java-x86_64-71/jre/lib/ibmsaslfw.jar:/home/jenkins/ibm-java-x86_64-71/jre/lib/ibmjcefw.jar:/home/jenkins/ibm-java-x86_64-71/jre/lib/ibmjgssprovider.jar:/home/jenkins/ibm-java-x86_64-71/jre/lib/ibmjsseprovider2.jar:/home/jenkins/ibm-java-x86_64-71/jre/lib/ibmcertpathprovider.jar:/home/jenkins/ibm-java-x86_64-71/jre/lib/xmldsigfw.jar:/home/jenkins/ibm-java-x86_64-71/jre/lib/xml.jar:/home/jenkins/ibm-java-x86_64-71/jre/lib/charsets.jar:/home/jenkins/ibm-java-x86_64-71/jre/lib/resources.jar:/home/jenkins/ibm-java-x86_64-71/jre/lib/rt.jar:/home/jenkins/ibm-java-x86_64-71/jre/lib/dataaccess.jar:/home/jenkins/ibm-java-x86_64-71/jre/lib/ibmgpu.jar"/>
    <property name="java.vm.specification.vendor" value="Sun Microsystems Inc."/>
    <property name="java.runtime.version" value="pxa6470_27sr2fp10ifx-20150313_01 (SR2 FP10+IV70681)"/>
    <property name="user.name" value="jenkins"/>
    <property name="java.compiler" value="j9jit27"/>
    <property name="os.encoding" value="UTF-8"/>
    <property name="guice.disable.misplaced.annotation.check" value="true"/>
    <property name="com.ibm.util.extralibs.properties" value=""/>
    <property name="com.ibm.jcl.checkClassPath" value=""/>
    <property name="user.language" value="en"/>
    <property name="com.ibm.oti.vm.bootstrap.library.path" value="/home/jenkins/ibm-java-x86_64-71/jre/lib/amd64/compressedrefs:/home/jenkins/ibm-java-x86_64-71/jre/lib/amd64"/>
    <property name="sun.boot.library.path" value="/home/jenkins/ibm-java-x86_64-71/jre/lib/amd64/compressedrefs:/home/jenkins/ibm-java-x86_64-71/jre/lib/amd64"/>
    <property name="classworlds.conf" value="/home/jenkins/maven/bin/m2.conf"/>
    <property name="java.version" value="1.7.0"/>
    <property name="user.timezone" value="UTC"/>
    <property name="com.ibm.system.agent.path" value="/home/jenkins/ibm-java-x86_64-71/jre/lib/amd64"/>
    <property name="sun.arch.data.model" value="64"/>
    <property name="com.ibm.zero.version" value="2"/>
    <property name="java.endorsed.dirs" value="/home/jenkins/ibm-java-x86_64-71/jre/lib/endorsed"/>
    <property name="com.ibm.oti.vm.library.version" value="27"/>
    <property name="sun.jnu.encoding" value="UTF-8"/>
    <property name="file.encoding.pkg" value="sun.io"/>
    <property name="file.separator" value="/"/>
    <property name="java.specification.name" value="Java Platform API Specification"/>
    <property name="com.ibm.packed.version" value="2"/>
    <property name="java.class.version" value="51.0"/>
    <property name="org.slf4j.simpleLogger.defaultLogLevel" value="info"/>
    <property name="user.country" value="US"/>
    <property name="securerandom.source" value="file:/dev/./urandom"/>
    <property name="java.home" value="/home/jenkins/ibm-java-x86_64-71/jre"/>
    <property name="java.vm.info" value="JRE 1.7.0 Linux amd64-64 Compressed References 20141215_227395 (JIT enabled, AOT enabled)
J9VM - R27_Java727_SR2_20141215_1631_B227395
JIT  - tr.r13.java_20141003_74587.07
GC   - R27_Java727_SR2_20141215_1631_B227395_CMPRSS
J9CL - 20141215_227395"/>
    <property name="os.version" value="3.13.0-52-generic"/>
    <property name="java.awt.fonts" value=""/>
    <property name="path.separator" value=":"/>
    <property name="java.vm.version" value="2.7"/>
    <property name="java.util.prefs.PreferencesFactory" value="java.util.prefs.FileSystemPreferencesFactory"/>
    <property name="user.variant" value=""/>
    <property name="java.awt.printerjob" value="sun.print.PSPrinterJob"/>
    <property name="sun.io.unicode.encoding" value="UnicodeLittle"/>
    <property name="awt.toolkit" value="sun.awt.X11.XToolkit"/>
    <property name="ibm.signalhandling.sigint" value="true"/>
    <property name="user.home" value="/home/jenkins"/>
    <property name="com.ibm.cpu.endian" value="little"/>
    <property name="java.specification.vendor" value="Sun Microsystems Inc."/>
    <property name="ibm.signalhandling.sigchain" value="true"/>
    <property name="java.library.path" value="/home/jenkins/ibm-java-x86_64-71/jre/lib/amd64/compressedrefs:/home/jenkins/ibm-java-x86_64-71/jre/lib/amd64:/usr/lib"/>
    <property name="java.vendor.url" value="http://www.ibm.com/"/>
    <property name="java.vm.vendor" value="IBM Corporation"/>
    <property name="java.fullversion" value="JRE 1.7.0 IBM J9 2.7 Linux amd64-64 Compressed References 20141215_227395 (JIT enabled, AOT enabled)
J9VM - R27_Java727_SR2_20141215_1631_B227395
JIT  - tr.r13.java_20141003_74587.07
GC   - R27_Java727_SR2_20141215_1631_B227395_CMPRSS
J9CL - 20141215_227395"/>
    <property name="maven.home" value="/home/jenkins/maven"/>
    <property name="java.runtime.name" value="Java(TM) SE Runtime Environment"/>
    <property name="sun.java.command" value="org.codehaus.plexus.classworlds.launcher.Launcher -B package -Dmaven.test.failure.ignore=true"/>
    <property name="java.class.path" value="/home/jenkins/maven/boot/plexus-classworlds-2.5.1.jar"/>
    <property name="java.vm.specification.name" value="Java Virtual Machine Specification"/>
    <property name="sun.java.launcher.pid" value="581"/>
    <property name="java.vm.specification.version" value="1.0"/>
    <property name="sun.cpu.endian" value="little"/>
    <property name="java.io.tmpdir" value="/tmp"/>
    <property name="ibm.system.encoding" value="UTF-8"/>
    <property name="os.arch" value="amd64"/>
    <property name="java.awt.graphicsenv" value="sun.awt.X11GraphicsEnvironment"/>
    <property name="ibm.signalhandling.rs" value="false"/>
    <property name="java.ext.dirs" value="/home/jenkins/ibm-java-x86_64-71/jre/lib/ext"/>
    <property name="user.dir" value="/home/jenkins/workspace/3b219fc0-11f0-7f3e-e6f5-8d6a98a946aa/c985ed65-e23e-4270-9d68-d406dea557bc"/>
    <property name="line.separator" value="
"/>
    <property name="java.vm.name" value="IBM J9 VM"/>
    <property name="com.ibm.oti.shared.enabled" value="false"/>
    <property name="maven.test.failure.ignore" value="true"/>
    <property name="com.ibm.vm.bitmode" value="64"/>
    <property name="file.encoding" value="UTF-8"/>
    <property name="com.ibm.oti.configuration" value="scar"/>
    <property name="java.specification.version" value="1.7"/>
    <property name="com.ibm.oti.jcl.build" value="20141215_227395"/>
  </properties>
  <testcase time="0.013" classname="ids.calculator.Calculator2Test" name="testNotExpectingException">
    <error message="Operation @ not found" type="java.lang.Exception">java.lang.Exception: Operation @ not found
	at ids.calculator.Calculator.calculate(Calculator.java:35)
	at ids.calculator.CalculatorTest.testNotExpectingException(CalculatorTest.java:74)
	at sun.reflect.NativeMethodAccessorImpl.invoke0(Native Method)
	at sun.reflect.NativeMethodAccessorImpl.invoke(NativeMethodAccessorImpl.java:95)
	at sun.reflect.DelegatingMethodAccessorImpl.invoke(DelegatingMethodAccessorImpl.java:56)
	at java.lang.reflect.Method.invoke(Method.java:620)
	at org.junit.runners.model.FrameworkMethod$1.runReflectiveCall(FrameworkMethod.java:50)
	at org.junit.internal.runners.model.ReflectiveCallable.run(ReflectiveCallable.java:12)
	at org.junit.runners.model.FrameworkMethod.invokeExplosively(FrameworkMethod.java:47)
	at org.junit.internal.runners.statements.InvokeMethod.evaluate(InvokeMethod.java:17)
	at org.junit.internal.runners.statements.RunBefores.evaluate(RunBefores.java:26)
	at org.junit.runners.ParentRunner.runLeaf(ParentRunner.java:325)
	at org.junit.runners.BlockJUnit4ClassRunner.runChild(BlockJUnit4ClassRunner.java:78)
	at org.junit.runners.BlockJUnit4ClassRunner.runChild(BlockJUnit4ClassRunner.java:57)
	at org.junit.runners.ParentRunner$3.run(ParentRunner.java:290)
	at org.junit.runners.ParentRunner$1.schedule(ParentRunner.java:71)
	at org.junit.runners.ParentRunner.runChildren(ParentRunner.java:288)
	at org.junit.runners.ParentRunner.access$000(ParentRunner.java:58)
	at org.junit.runners.ParentRunner$2.evaluate(ParentRunner.java:268)
	at org.junit.runners.ParentRunner.run(ParentRunner.java:363)
	at org.apache.maven.surefire.junit4.JUnit4Provider.execute(JUnit4Provider.java:252)
	at org.apache.maven.surefire.junit4.JUnit4Provider.executeTestSet(JUnit4Provider.java:141)
	at org.apache.maven.surefire.junit4.JUnit4Provider.invoke(JUnit4Provider.java:112)
	at sun.reflect.NativeMethodAccessorImpl.invoke0(Native Method)
	at sun.reflect.NativeMethodAccessorImpl.invoke(NativeMethodAccessorImpl.java:95)
	at sun.reflect.DelegatingMethodAccessorImpl.invoke(DelegatingMethodAccessorImpl.java:56)
	at java.lang.reflect.Method.invoke(Method.java:620)
	at org.apache.maven.surefire.util.ReflectionUtils.invokeMethodWithArray(ReflectionUtils.java:189)
	at org.apache.maven.surefire.booter.ProviderFactory$ProviderProxy.invoke(ProviderFactory.java:165)
	at org.apache.maven.surefire.booter.ProviderFactory.invokeProvider(ProviderFactory.java:85)
	at org.apache.maven.surefire.booter.ForkedBooter.runSuitesInProcess(ForkedBooter.java:115)
	at org.apache.maven.surefire.booter.ForkedBooter.main(ForkedBooter.java:75)
</error>
  </testcase>
  <testcase time="0.013" classname="ids.calculator.Calculator2Test" name="testCompositeEquation">
    <skipped message="This feature has yet to be implemented"/>
  </testcase>
  <testcase time="0.002" classname="ids.calculator.Calculator2Test" name="testMultiplication"/>
  <testcase time="0" classname="ids.calculator.Calculator2Test" name="testAddition"/>
  <testcase time="0.003" classname="ids.calculator.Calculator2Test" name="testDivision">
    <failure message="12 / 8 must be 1.5 expected:&lt;1.5&gt; but was:&lt;1.498&gt;" type="java.lang.AssertionError">java.lang.AssertionError: 12 / 8 must be 1.5 expected:&lt;1.5&gt; but was:&lt;1.498&gt;
	at org.junit.Assert.fail(Assert.java:88)
	at org.junit.Assert.failNotEquals(Assert.java:834)
	at org.junit.Assert.assertEquals(Assert.java:553)
	at ids.calculator.CalculatorTest.testDivision(CalculatorTest.java:50)
	at sun.reflect.NativeMethodAccessorImpl.invoke0(Native Method)
	at sun.reflect.NativeMethodAccessorImpl.invoke(NativeMethodAccessorImpl.java:95)
	at sun.reflect.DelegatingMethodAccessorImpl.invoke(DelegatingMethodAccessorImpl.java:56)
	at java.lang.reflect.Method.invoke(Method.java:620)
	at org.junit.runners.model.FrameworkMethod$1.runReflectiveCall(FrameworkMethod.java:50)
	at org.junit.internal.runners.model.ReflectiveCallable.run(ReflectiveCallable.java:12)
	at org.junit.runners.model.FrameworkMethod.invokeExplosively(FrameworkMethod.java:47)
	at org.junit.internal.runners.statements.InvokeMethod.evaluate(InvokeMethod.java:17)
	at org.junit.internal.runners.statements.RunBefores.evaluate(RunBefores.java:26)
	at org.junit.runners.ParentRunner.runLeaf(ParentRunner.java:325)
	at org.junit.runners.BlockJUnit4ClassRunner.runChild(BlockJUnit4ClassRunner.java:78)
	at org.junit.runners.BlockJUnit4ClassRunner.runChild(BlockJUnit4ClassRunner.java:57)
	at org.junit.runners.ParentRunner$3.run(ParentRunner.java:290)
	at org.junit.runners.ParentRunner$1.schedule(ParentRunner.java:71)
	at org.junit.runners.ParentRunner.runChildren(ParentRunner.java:288)
	at org.junit.runners.ParentRunner.access$000(ParentRunner.java:58)
	at org.junit.runners.ParentRunner$2.evaluate(ParentRunner.java:268)
	at org.junit.runners.ParentRunner.run(ParentRunner.java:363)
	at org.apache.maven.surefire.junit4.JUnit4Provider.execute(JUnit4Provider.java:252)
	at org.apache.maven.surefire.junit4.JUnit4Provider.executeTestSet(JUnit4Provider.java:141)
	at org.apache.maven.surefire.junit4.JUnit4Provider.invoke(JUnit4Provider.java:112)
	at sun.reflect.NativeMethodAccessorImpl.invoke0(Native Method)
	at sun.reflect.NativeMethodAccessorImpl.invoke(NativeMethodAccessorImpl.java:95)
	at sun.reflect.DelegatingMethodAccessorImpl.invoke(DelegatingMethodAccessorImpl.java:56)
	at java.lang.reflect.Method.invoke(Method.java:620)
	at org.apache.maven.surefire.util.ReflectionUtils.invokeMethodWithArray(ReflectionUtils.java:189)
	at org.apache.maven.surefire.booter.ProviderFactory$ProviderProxy.invoke(ProviderFactory.java:165)
	at org.apache.maven.surefire.booter.ProviderFactory.invokeProvider(ProviderFactory.java:85)
	at org.apache.maven.surefire.booter.ForkedBooter.runSuitesInProcess(ForkedBooter.java:115)
	at org.apache.maven.surefire.booter.ForkedBooter.main(ForkedBooter.java:75)
</failure>
  </testcase>
  <testcase time="0" classname="ids.calculator.Calculator2Test" name="testIllegalOperationException"/>
  <testcase time="0" classname="ids.calculator.Calculator2Test" name="testSubtraction"/>
</testsuite>
